#
# A fatal error has been detected by the Java Runtime Environment:
#
#  Internal Error (javaClasses.cpp:129), pid=8644, tid=8396
#  fatal error: Invalid layout of preloaded class
#
# JRE version: 7.0_25-b16
# Java VM: Java HotSpot(TM) Client VM (23.25-b01 mixed mode windows-x86 )
# Failed to write core dump. Minidumps are not enabled by default on client versions of Windows
#
# If you would like to submit a bug report, please visit:
#   http://bugreport.sun.com/bugreport/crash.jsp
#

---------------  T H R E A D  ---------------

Current thread (0x0165b400):  JavaThread "Unknown thread" [_thread_in_vm, id=8396, stack(0x01110000,0x01160000)]

Stack: [0x01110000,0x01160000],  sp=0x0115f6b8,  free space=317k
Native frames: (J=compiled Java code, j=interpreted, Vv=VM code, C=native code)
V  [jvm.dll+0x167e31]
V  [jvm.dll+0x1620f6]
V  [jvm.dll+0x1f92f]
V  [jvm.dll+0x1f9b6]
V  [jvm.dll+0x2cffd]
V  [jvm.dll+0x2d2a9]
V  [jvm.dll+0x75351]
V  [jvm.dll+0x7570b]
V  [jvm.dll+0x123881]
V  [jvm.dll+0x1439cc]
V  [jvm.dll+0xa619f]
C  [javaw.exe+0x13ca]
C  [javaw.exe+0x1e3c]
C  [javaw.exe+0xa5b1]
C  [javaw.exe+0xa63b]
C  [kernel32.dll+0x4ee1c]  BaseThreadInitThunk+0x12
C  [ntdll.dll+0x637eb]  RtlInitializeExceptionChain+0xef
C  [ntdll.dll+0x637be]  RtlInitializeExceptionChain+0xc2


---------------  P R O C E S S  ---------------

Java Threads: ( => current thread )

Other Threads:

=>0x0165b400 (exited) JavaThread "Unknown thread" [_thread_in_vm, id=8396, stack(0x01110000,0x01160000)]

VM state:not at safepoint (not fully initialized)

VM Mutex/Monitor currently owned by a thread: None

GC Heap History (0 events):
No events

Deoptimization events (0 events):
No events

Internal exceptions (0 events):
No events

Events (10 events):
Event: 0.033 loading class 0x01523838 done
Event: 0.033 loading class 0x01522520 done
Event: 0.033 loading class 0x015224f8
Event: 0.033 loading class 0x0159dda8
Event: 0.033 loading class 0x0159dda8 done
Event: 0.033 loading class 0x0159dde0
Event: 0.033 loading class 0x0159dde0 done
Event: 0.033 loading class 0x01591cb0
Event: 0.033 loading class 0x01591cb0 done
Event: 0.034 loading class 0x015224f8 done


Dynamic libraries:
0x00060000 - 0x0008f000 	C:\Program Files\Java\jre7\bin\javaw.exe
0x77280000 - 0x773bc000 	C:\Windows\SYSTEM32\ntdll.dll
0x76d00000 - 0x76dd4000 	C:\Windows\system32\kernel32.dll
0x752c0000 - 0x7530b000 	C:\Windows\system32\KERNELBASE.dll
0x76bd0000 - 0x76c70000 	C:\Windows\system32\ADVAPI32.dll
0x75c80000 - 0x75d2c000 	C:\Windows\system32\msvcrt.dll
0x773c0000 - 0x773d9000 	C:\Windows\SYSTEM32\sechost.dll
0x754d0000 - 0x75572000 	C:\Windows\system32\RPCRT4.dll
0x75770000 - 0x75839000 	C:\Windows\system32\USER32.dll
0x77460000 - 0x774ae000 	C:\Windows\system32\GDI32.dll
0x76ad0000 - 0x76ada000 	C:\Windows\system32\LPK.dll
0x76fc0000 - 0x7705d000 	C:\Windows\system32\USP10.dll
0x73dc0000 - 0x73f5e000 	C:\Windows\WinSxS\x86_microsoft.windows.common-controls_6595b64144ccf1df_6.0.7601.17514_none_41e6975e2bd6f2b2\COMCTL32.dll
0x77400000 - 0x77457000 	C:\Windows\system32\SHLWAPI.dll
0x773e0000 - 0x773ff000 	C:\Windows\system32\IMM32.DLL
0x759e0000 - 0x75aac000 	C:\Windows\system32\MSCTF.dll
0x5c800000 - 0x5c8be000 	C:\Program Files\Java\jre7\bin\msvcr100.dll
0x5c9c0000 - 0x5cd02000 	C:\Program Files\Java\jre7\bin\client\jvm.dll
0x6e7a0000 - 0x6e7a7000 	C:\Windows\system32\WSOCK32.dll
0x75dc0000 - 0x75df5000 	C:\Windows\system32\WS2_32.dll
0x76de0000 - 0x76de6000 	C:\Windows\system32\NSI.dll
0x75050000 - 0x75082000 	C:\Windows\system32\WINMM.dll
0x76fb0000 - 0x76fb5000 	C:\Windows\system32\PSAPI.DLL
0x72fb0000 - 0x72fbc000 	C:\Program Files\Java\jre7\bin\verify.dll
0x72950000 - 0x72970000 	C:\Program Files\Java\jre7\bin\java.dll
0x72930000 - 0x72943000 	C:\Program Files\Java\jre7\bin\zip.dll
0x729e0000 - 0x72acb000 	C:\Windows\system32\dbghelp.dll

VM Arguments:
jvm_args: -Dfile.encoding=GBK -Xbootclasspath:C:\adt-bundle-windows-x86-20130522\android_sdk\platforms\android-19\android.jar 
java_command: com.qian.util.Tools
Launcher Type: SUN_STANDARD

Environment Variables:
JAVA_HOME=.;C:\Program Files\Java\jdk1.7.0_25;
CLASSPATH=.;C:\Program Files\Java\jdk1.7.0_25\lib;
PATH=C:/Program Files/Java/jre7/bin/client;C:/Program Files/Java/jre7/bin;C:/Program Files/Java/jre7/lib/i386;C:\adt-bundle-windows-x86-20130522\android_sdk\platform-tools;C:\Program Files\Java\jre7\bin;.;C:\Program Files\Java\jdk1.7.0_25;\bin;C:\Program Files\Common Files\Microsoft Shared\Windows Live;C:\Windows\system32;C:\Windows;C:\Windows\System32\Wbem;C:\Windows\System32\WindowsPowerShell\v1.0\;C:\Program Files\ATI Technologies\ATI.ACE\Core-Static;C:\Program Files\Common Files\Lenovo;C:\Program Files\Common Files\Ulead Systems\MPEG;C:\Program Files\Windows Live\Shared;C:\SWTOOLS\ReadyApps;C:\Program Files\Intel\Services\IPT\;C:\Program Files\Symantec\VIP Access Client\;C:\Program Files\StormII\Codec;C:\Program Files\StormII;C:\adt-bundle-windows-x86-20130522\eclipse;
USERNAME=Yan
OS=Windows_NT
PROCESSOR_IDENTIFIER=x86 Family 6 Model 42 Stepping 7, GenuineIntel



---------------  S Y S T E M  ---------------

OS: Windows 7 Build 7601 Service Pack 1

CPU:total 4 (2 cores per cpu, 2 threads per core) family 6 model 42 stepping 7, cmov, cx8, fxsr, mmx, sse, sse2, sse3, ssse3, sse4.1, sse4.2, popcnt, avx, ht, tsc, tscinvbit

Memory: 4k page, physical 3056880k(506200k free), swap 6112008k(1389976k free)

vm_info: Java HotSpot(TM) Client VM (23.25-b01) for windows-x86 JRE (1.7.0_25-b16), built on Jun 12 2013 20:29:09 by "java_re" with unknown MS VC++:1600

time: Thu Aug 21 11:22:48 2014
elapsed time: 0 seconds

